2021-04-12 15:35:50
{
  "train_file": "data/train_data.csv",
  "dev_file": "data/val_data.csv",
  "embedding_dim": 240,
  "token_file": "data/token2id",
  "classes": {
    "\u4f53\u80b2": 0,
    "\u623f\u4ea7": 1,
    "\u8d22\u7ecf": 2,
    "\u79d1\u6280": 3,
    "\u65f6\u653f": 4,
    "\u65f6\u5c1a": 5,
    "\u6e38\u620f": 6,
    "\u6559\u80b2": 7,
    "\u5a31\u4e50": 8,
    "\u5bb6\u5c45": 9
  },
  "stop_words": "data/w2v_data/stop_words.txt",
  "checkpoints_dir": "checkpoints/transformer",
  "checkpoint_name": "tf-model",
  "token_level": "word",
  "learning_rate": 0.001,
  "epoch": 30,
  "max_to_keep": 1,
  "print_per_batch": 20,
  "is_early_stop": true,
  "patient": 8,
  "batch_size": 64,
  "max_sequence_length": 100,
  "encoder_num": 1,
  "dropout_rate": 0.25,
  "head_num": 12,
  "hidden_dim": 2048,
  "metrics_average": "micro",
  "use_focal_loss": false
}
dataManager initialed...
mode: train_classifier
loading data...
loading data...
++++++++++++++++++++training starting++++++++++++++++++++
epoch:1/30
training batch:    20, loss: 2.25951, precision: 0.172 recall: 0.172 f1: 0.172 
training batch:    40, loss: 2.27651, precision: 0.141 recall: 0.141 f1: 0.141 
training batch:    60, loss: 2.26745, precision: 0.234 recall: 0.234 f1: 0.234 
training batch:    80, loss: 2.26488, precision: 0.172 recall: 0.172 f1: 0.172 
training batch:   100, loss: 2.26442, precision: 0.172 recall: 0.172 f1: 0.172 
training batch:   120, loss: 2.18277, precision: 0.250 recall: 0.250 f1: 0.250 
training batch:   140, loss: 2.17435, precision: 0.375 recall: 0.375 f1: 0.375 
start evaluate engines...

体育: {'precision': 0.6110414052697616, 'recall': 0.974, 'f1-score': 0.7509637625289128, 'support': 500}
房产: {'precision': 0.8461538461538461, 'recall': 0.022, 'f1-score': 0.042884990253411304, 'support': 500}
财经: {'precision': 1.0, 'recall': 0.038, 'f1-score': 0.07321772639691715, 'support': 500}
科技: {'precision': 0.46175373134328357, 'recall': 0.99, 'f1-score': 0.6297709923664122, 'support': 500}
时政: {'precision': 0.863517060367454, 'recall': 0.658, 'f1-score': 0.746878547105562, 'support': 500}
时尚: {'precision': 0.94, 'recall': 0.094, 'f1-score': 0.1709090909090909, 'support': 500}
游戏: {'precision': 0.7032163742690059, 'recall': 0.962, 'f1-score': 0.8125, 'support': 500}
教育: {'precision': 0.27245328511151296, 'recall': 0.904, 'f1-score': 0.4187123668364984, 'support': 500}
娱乐: {'precision': 0.9384615384615385, 'recall': 0.61, 'f1-score': 0.7393939393939394, 'support': 500}
家居: {'precision': 0.0, 'recall': 0.0, 'f1-score': 0.0, 'support': 500}
time consumption:3.42(min), loss: 2.130 precision: 0.525 recall: 0.525 f1: 0.525 
saved the new best model with f1: 0.525
epoch:2/30
training batch:    20, loss: 2.12013, precision: 0.406 recall: 0.406 f1: 0.406 
training batch:    40, loss: 2.07556, precision: 0.453 recall: 0.453 f1: 0.453 
training batch:    60, loss: 2.10372, precision: 0.438 recall: 0.438 f1: 0.438 
training batch:    80, loss: 2.05157, precision: 0.594 recall: 0.594 f1: 0.594 
training batch:   100, loss: 2.12502, precision: 0.359 recall: 0.359 f1: 0.359 
training batch:   120, loss: 1.98362, precision: 0.547 recall: 0.547 f1: 0.547 
training batch:   140, loss: 1.93566, precision: 0.609 recall: 0.609 f1: 0.609 
start evaluate engines...

体育: {'precision': 1.0, 'recall': 0.934, 'f1-score': 0.9658738366080661, 'support': 500}
房产: {'precision': 0.0, 'recall': 0.0, 'f1-score': 0.0, 'support': 500}
财经: {'precision': 1.0, 'recall': 0.614, 'f1-score': 0.7608426270136308, 'support': 500}
科技: {'precision': 0.9329501915708812, 'recall': 0.974, 'f1-score': 0.9530332681017613, 'support': 500}
时政: {'precision': 1.0, 'recall': 0.388, 'f1-score': 0.5590778097982709, 'support': 500}
时尚: {'precision': 0.9227871939736346, 'recall': 0.98, 'f1-score': 0.9505334626576141, 'support': 500}
游戏: {'precision': 0.8775510204081632, 'recall': 0.946, 'f1-score': 0.9104908565928777, 'support': 500}
教育: {'precision': 0.2279446828803052, 'recall': 0.956, 'f1-score': 0.36811705814401235, 'support': 500}
娱乐: {'precision': 0.9037900874635568, 'recall': 0.62, 'f1-score': 0.7354685646500593, 'support': 500}
家居: {'precision': 0.0, 'recall': 0.0, 'f1-score': 0.0, 'support': 500}
time consumption:3.20(min), loss: 1.715 precision: 0.641 recall: 0.641 f1: 0.641 
saved the new best model with f1: 0.641
epoch:3/30
training batch:    20, loss: 1.78014, precision: 0.672 recall: 0.672 f1: 0.672 
training batch:    40, loss: 1.70050, precision: 0.828 recall: 0.828 f1: 0.828 
training batch:    60, loss: 1.64392, precision: 0.750 recall: 0.750 f1: 0.750 
training batch:    80, loss: 1.49123, precision: 0.891 recall: 0.891 f1: 0.891 
training batch:   100, loss: 1.49046, precision: 0.766 recall: 0.766 f1: 0.766 
training batch:   120, loss: 1.30684, precision: 0.844 recall: 0.844 f1: 0.844 
training batch:   140, loss: 1.17206, precision: 0.906 recall: 0.906 f1: 0.906 
start evaluate engines...

体育: {'precision': 0.9753086419753086, 'recall': 0.948, 'f1-score': 0.9614604462474645, 'support': 500}
房产: {'precision': 0.940677966101695, 'recall': 0.222, 'f1-score': 0.3592233009708738, 'support': 500}
财经: {'precision': 0.9958932238193019, 'recall': 0.97, 'f1-score': 0.9827760891590679, 'support': 500}
科技: {'precision': 0.8727272727272727, 'recall': 0.96, 'f1-score': 0.9142857142857144, 'support': 500}
时政: {'precision': 0.9505882352941176, 'recall': 0.808, 'f1-score': 0.8735135135135136, 'support': 500}
时尚: {'precision': 0.9708171206225681, 'recall': 0.998, 'f1-score': 0.9842209072978304, 'support': 500}
游戏: {'precision': 0.3743435858964741, 'recall': 0.998, 'f1-score': 0.5444626295690126, 'support': 500}
教育: {'precision': 0.706766917293233, 'recall': 0.752, 'f1-score': 0.7286821705426355, 'support': 500}
娱乐: {'precision': 0.7451737451737451, 'recall': 0.772, 'f1-score': 0.7583497053045187, 'support': 500}
家居: {'precision': 0.972972972972973, 'recall': 0.072, 'f1-score': 0.1340782122905028, 'support': 500}
time consumption:6.41(min), loss: 0.927 precision: 0.750 recall: 0.750 f1: 0.750 
saved the new best model with f1: 0.750
epoch:4/30
training batch:    20, loss: 1.12918, precision: 0.844 recall: 0.844 f1: 0.844 
training batch:    40, loss: 0.99363, precision: 0.844 recall: 0.844 f1: 0.844 
training batch:    60, loss: 0.89306, precision: 0.875 recall: 0.875 f1: 0.875 
training batch:    80, loss: 0.92111, precision: 0.906 recall: 0.906 f1: 0.906 
training batch:   100, loss: 0.68001, precision: 0.938 recall: 0.938 f1: 0.938 
training batch:   120, loss: 0.79994, precision: 0.891 recall: 0.891 f1: 0.891 
training batch:   140, loss: 0.63365, precision: 0.953 recall: 0.953 f1: 0.953 
start evaluate engines...

体育: {'precision': 0.9834368530020704, 'recall': 0.95, 'f1-score': 0.9664292980671415, 'support': 500}
房产: {'precision': 0.7746478873239436, 'recall': 0.55, 'f1-score': 0.6432748538011696, 'support': 500}
财经: {'precision': 0.9918533604887984, 'recall': 0.974, 'f1-score': 0.98284561049445, 'support': 500}
科技: {'precision': 0.8718861209964412, 'recall': 0.98, 'f1-score': 0.9227871939736346, 'support': 500}
时政: {'precision': 0.9538784067085954, 'recall': 0.91, 'f1-score': 0.9314227226202662, 'support': 500}
时尚: {'precision': 0.9670542635658915, 'recall': 0.998, 'f1-score': 0.982283464566929, 'support': 500}
游戏: {'precision': 0.8291457286432161, 'recall': 0.99, 'f1-score': 0.902461257976299, 'support': 500}
教育: {'precision': 0.8616236162361623, 'recall': 0.934, 'f1-score': 0.8963531669865643, 'support': 500}
娱乐: {'precision': 0.7680140597539543, 'recall': 0.874, 'f1-score': 0.8175865294667914, 'support': 500}
家居: {'precision': 0.9387254901960784, 'recall': 0.766, 'f1-score': 0.843612334801762, 'support': 500}
time consumption:3.09(min), loss: 0.490 precision: 0.893 recall: 0.893 f1: 0.893 
saved the new best model with f1: 0.893
epoch:5/30
training batch:    20, loss: 0.51491, precision: 0.984 recall: 0.984 f1: 0.984 
training batch:    40, loss: 0.52691, precision: 0.938 recall: 0.938 f1: 0.938 
training batch:    60, loss: 0.48594, precision: 0.938 recall: 0.938 f1: 0.938 
training batch:    80, loss: 0.43312, precision: 0.906 recall: 0.906 f1: 0.906 
training batch:   100, loss: 0.36651, precision: 0.953 recall: 0.953 f1: 0.953 
training batch:   120, loss: 0.36307, precision: 0.984 recall: 0.984 f1: 0.984 
training batch:   140, loss: 0.46080, precision: 0.953 recall: 0.953 f1: 0.953 
start evaluate engines...

体育: {'precision': 0.9916839916839917, 'recall': 0.954, 'f1-score': 0.9724770642201834, 'support': 500}
房产: {'precision': 0.8575581395348837, 'recall': 0.59, 'f1-score': 0.6990521327014219, 'support': 500}
财经: {'precision': 0.9918367346938776, 'recall': 0.972, 'f1-score': 0.9818181818181819, 'support': 500}
科技: {'precision': 0.9068901303538175, 'recall': 0.974, 'f1-score': 0.9392478302796528, 'support': 500}
时政: {'precision': 0.9646569646569647, 'recall': 0.928, 'f1-score': 0.9459734964322121, 'support': 500}
时尚: {'precision': 0.9559386973180076, 'recall': 0.998, 'f1-score': 0.9765166340508805, 'support': 500}
游戏: {'precision': 0.8679577464788732, 'recall': 0.986, 'f1-score': 0.9232209737827715, 'support': 500}
教育: {'precision': 0.8907103825136612, 'recall': 0.978, 'f1-score': 0.9323164918970447, 'support': 500}
娱乐: {'precision': 0.7871198568872988, 'recall': 0.88, 'f1-score': 0.8309726156751652, 'support': 500}
家居: {'precision': 0.906183368869936, 'recall': 0.85, 'f1-score': 0.8771929824561403, 'support': 500}
time consumption:3.13(min), loss: 0.304 precision: 0.911 recall: 0.911 f1: 0.911 
saved the new best model with f1: 0.911
epoch:6/30
training batch:    20, loss: 0.25789, precision: 0.984 recall: 0.984 f1: 0.984 
training batch:    40, loss: 0.32874, precision: 0.953 recall: 0.953 f1: 0.953 
training batch:    60, loss: 0.31332, precision: 0.969 recall: 0.969 f1: 0.969 
training batch:    80, loss: 0.37089, precision: 0.922 recall: 0.922 f1: 0.922 
training batch:   100, loss: 0.35064, precision: 0.953 recall: 0.953 f1: 0.953 
training batch:   120, loss: 0.22070, precision: 0.984 recall: 0.984 f1: 0.984 
training batch:   140, loss: 0.19990, precision: 0.984 recall: 0.984 f1: 0.984 
start evaluate engines...

体育: {'precision': 0.9896907216494846, 'recall': 0.96, 'f1-score': 0.9746192893401014, 'support': 500}
房产: {'precision': 0.8257080610021786, 'recall': 0.758, 'f1-score': 0.7904066736183525, 'support': 500}
财经: {'precision': 0.9918533604887984, 'recall': 0.974, 'f1-score': 0.98284561049445, 'support': 500}
科技: {'precision': 0.9423076923076923, 'recall': 0.98, 'f1-score': 0.9607843137254902, 'support': 500}
时政: {'precision': 0.9516129032258065, 'recall': 0.944, 'f1-score': 0.9477911646586344, 'support': 500}
时尚: {'precision': 0.9576923076923077, 'recall': 0.996, 'f1-score': 0.9764705882352941, 'support': 500}
游戏: {'precision': 0.9162011173184358, 'recall': 0.984, 'f1-score': 0.9488910318225651, 'support': 500}
教育: {'precision': 0.8747795414462081, 'recall': 0.992, 'f1-score': 0.9297094657919399, 'support': 500}
娱乐: {'precision': 0.857421875, 'recall': 0.878, 'f1-score': 0.8675889328063241, 'support': 500}
家居: {'precision': 0.9757869249394673, 'recall': 0.806, 'f1-score': 0.8828039430449068, 'support': 500}
time consumption:6.73(min), loss: 0.231 precision: 0.927 recall: 0.927 f1: 0.927 
saved the new best model with f1: 0.927
epoch:7/30
training batch:    20, loss: 0.21163, precision: 1.000 recall: 1.000 f1: 1.000 
training batch:    40, loss: 0.25394, precision: 0.969 recall: 0.969 f1: 0.969 
training batch:    60, loss: 0.23440, precision: 0.969 recall: 0.969 f1: 0.969 
training batch:    80, loss: 0.19350, precision: 0.969 recall: 0.969 f1: 0.969 
training batch:   100, loss: 0.23637, precision: 0.953 recall: 0.953 f1: 0.953 
training batch:   120, loss: 0.23300, precision: 0.953 recall: 0.953 f1: 0.953 
training batch:   140, loss: 0.18902, precision: 0.953 recall: 0.953 f1: 0.953 
start evaluate engines...

体育: {'precision': 0.9918032786885246, 'recall': 0.968, 'f1-score': 0.9797570850202428, 'support': 500}
房产: {'precision': 0.8565400843881856, 'recall': 0.812, 'f1-score': 0.8336755646817249, 'support': 500}
财经: {'precision': 0.9918864097363083, 'recall': 0.978, 'f1-score': 0.9848942598187311, 'support': 500}
科技: {'precision': 0.9683168316831683, 'recall': 0.978, 'f1-score': 0.9731343283582089, 'support': 500}
时政: {'precision': 0.9422310756972112, 'recall': 0.946, 'f1-score': 0.9441117764471058, 'support': 500}
时尚: {'precision': 0.9614643545279383, 'recall': 0.998, 'f1-score': 0.9793915603532876, 'support': 500}
游戏: {'precision': 0.9335863377609108, 'recall': 0.984, 'f1-score': 0.958130477117819, 'support': 500}
教育: {'precision': 0.8857142857142857, 'recall': 0.992, 'f1-score': 0.9358490566037736, 'support': 500}
娱乐: {'precision': 0.8815533980582524, 'recall': 0.908, 'f1-score': 0.8945812807881774, 'support': 500}
家居: {'precision': 0.973621103117506, 'recall': 0.812, 'f1-score': 0.885496183206107, 'support': 500}
time consumption:3.04(min), loss: 0.200 precision: 0.938 recall: 0.938 f1: 0.938 
saved the new best model with f1: 0.938
epoch:8/30
training batch:    20, loss: 0.18060, precision: 0.969 recall: 0.969 f1: 0.969 
training batch:    40, loss: 0.14841, precision: 0.969 recall: 0.969 f1: 0.969 
training batch:    60, loss: 0.14104, precision: 1.000 recall: 1.000 f1: 1.000 
training batch:    80, loss: 0.15555, precision: 0.984 recall: 0.984 f1: 0.984 
training batch:   100, loss: 0.17363, precision: 0.984 recall: 0.984 f1: 0.984 
training batch:   120, loss: 0.21396, precision: 0.938 recall: 0.938 f1: 0.938 
training batch:   140, loss: 0.13855, precision: 0.953 recall: 0.953 f1: 0.953 
start evaluate engines...

体育: {'precision': 0.9918367346938776, 'recall': 0.972, 'f1-score': 0.9818181818181819, 'support': 500}
房产: {'precision': 0.8770491803278688, 'recall': 0.856, 'f1-score': 0.8663967611336031, 'support': 500}
财经: {'precision': 0.9919028340080972, 'recall': 0.98, 'f1-score': 0.9859154929577465, 'support': 500}
科技: {'precision': 0.9760956175298805, 'recall': 0.98, 'f1-score': 0.9780439121756487, 'support': 500}
时政: {'precision': 0.9461077844311377, 'recall': 0.948, 'f1-score': 0.947052947052947, 'support': 500}
时尚: {'precision': 0.9577735124760077, 'recall': 0.998, 'f1-score': 0.9774730656219394, 'support': 500}
游戏: {'precision': 0.9421965317919075, 'recall': 0.978, 'f1-score': 0.959764474975466, 'support': 500}
教育: {'precision': 0.8841354723707665, 'recall': 0.992, 'f1-score': 0.9349670122525919, 'support': 500}
娱乐: {'precision': 0.9224489795918367, 'recall': 0.904, 'f1-score': 0.9131313131313132, 'support': 500}
家居: {'precision': 0.9654377880184332, 'recall': 0.838, 'f1-score': 0.8972162740899358, 'support': 500}
time consumption:3.07(min), loss: 0.179 precision: 0.945 recall: 0.945 f1: 0.945 
saved the new best model with f1: 0.945
epoch:9/30
training batch:    20, loss: 0.15706, precision: 0.969 recall: 0.969 f1: 0.969 
training batch:    40, loss: 0.13735, precision: 0.984 recall: 0.984 f1: 0.984 
training batch:    60, loss: 0.14120, precision: 0.984 recall: 0.984 f1: 0.984 
training batch:    80, loss: 0.10885, precision: 0.969 recall: 0.969 f1: 0.969 
training batch:   100, loss: 0.14956, precision: 0.969 recall: 0.969 f1: 0.969 
training batch:   120, loss: 0.16424, precision: 0.969 recall: 0.969 f1: 0.969 
training batch:   140, loss: 0.13681, precision: 0.969 recall: 0.969 f1: 0.969 
start evaluate engines...

体育: {'precision': 0.9938775510204082, 'recall': 0.974, 'f1-score': 0.9838383838383838, 'support': 500}
房产: {'precision': 0.8747514910536779, 'recall': 0.88, 'f1-score': 0.8773678963110668, 'support': 500}
财经: {'precision': 0.9919028340080972, 'recall': 0.98, 'f1-score': 0.9859154929577465, 'support': 500}
科技: {'precision': 0.982, 'recall': 0.982, 'f1-score': 0.982, 'support': 500}
时政: {'precision': 0.9592668024439919, 'recall': 0.942, 'f1-score': 0.9505549949545913, 'support': 500}
时尚: {'precision': 0.9633204633204633, 'recall': 0.998, 'f1-score': 0.980353634577603, 'support': 500}
游戏: {'precision': 0.9514563106796117, 'recall': 0.98, 'f1-score': 0.9655172413793104, 'support': 500}
教育: {'precision': 0.8906810035842294, 'recall': 0.994, 'f1-score': 0.9395085066162571, 'support': 500}
娱乐: {'precision': 0.9278557114228457, 'recall': 0.926, 'f1-score': 0.9269269269269269, 'support': 500}
家居: {'precision': 0.9675925925925926, 'recall': 0.836, 'f1-score': 0.8969957081545064, 'support': 500}
time consumption:2.94(min), loss: 0.169 precision: 0.949 recall: 0.949 f1: 0.949 
saved the new best model with f1: 0.949
epoch:10/30
training batch:    20, loss: 0.09775, precision: 1.000 recall: 1.000 f1: 1.000 
training batch:    40, loss: 0.11731, precision: 0.984 recall: 0.984 f1: 0.984 
training batch:    60, loss: 0.13574, precision: 1.000 recall: 1.000 f1: 1.000 
training batch:    80, loss: 0.08238, precision: 1.000 recall: 1.000 f1: 1.000 
training batch:   100, loss: 0.06173, precision: 1.000 recall: 1.000 f1: 1.000 
training batch:   120, loss: 0.12266, precision: 0.969 recall: 0.969 f1: 0.969 
training batch:   140, loss: 0.16335, precision: 0.969 recall: 0.969 f1: 0.969 
start evaluate engines...

体育: {'precision': 0.9939024390243902, 'recall': 0.978, 'f1-score': 0.9858870967741936, 'support': 500}
房产: {'precision': 0.8852140077821011, 'recall': 0.91, 'f1-score': 0.8974358974358974, 'support': 500}
财经: {'precision': 0.9919028340080972, 'recall': 0.98, 'f1-score': 0.9859154929577465, 'support': 500}
科技: {'precision': 0.984, 'recall': 0.984, 'f1-score': 0.984, 'support': 500}
时政: {'precision': 0.9594320486815415, 'recall': 0.946, 'f1-score': 0.9526686807653574, 'support': 500}
时尚: {'precision': 0.9670542635658915, 'recall': 0.998, 'f1-score': 0.982283464566929, 'support': 500}
游戏: {'precision': 0.953307392996109, 'recall': 0.98, 'f1-score': 0.9664694280078895, 'support': 500}
教育: {'precision': 0.8954954954954955, 'recall': 0.994, 'f1-score': 0.9421800947867298, 'support': 500}
娱乐: {'precision': 0.9606625258799172, 'recall': 0.928, 'f1-score': 0.9440488301119024, 'support': 500}
家居: {'precision': 0.9658314350797267, 'recall': 0.848, 'f1-score': 0.9030883919062832, 'support': 500}
time consumption:2.94(min), loss: 0.157 precision: 0.955 recall: 0.955 f1: 0.955 
saved the new best model with f1: 0.955
epoch:11/30
training batch:    20, loss: 0.07991, precision: 0.984 recall: 0.984 f1: 0.984 
training batch:    40, loss: 0.06715, precision: 1.000 recall: 1.000 f1: 1.000 
training batch:    60, loss: 0.13430, precision: 0.984 recall: 0.984 f1: 0.984 
training batch:    80, loss: 0.05598, precision: 1.000 recall: 1.000 f1: 1.000 
training batch:   100, loss: 0.04977, precision: 1.000 recall: 1.000 f1: 1.000 
training batch:   120, loss: 0.07953, precision: 1.000 recall: 1.000 f1: 1.000 
training batch:   140, loss: 0.06314, precision: 0.984 recall: 0.984 f1: 0.984 
start evaluate engines...

体育: {'precision': 0.9959266802443992, 'recall': 0.978, 'f1-score': 0.9868819374369324, 'support': 500}
房产: {'precision': 0.8802281368821293, 'recall': 0.926, 'f1-score': 0.902534113060429, 'support': 500}
财经: {'precision': 0.9919028340080972, 'recall': 0.98, 'f1-score': 0.9859154929577465, 'support': 500}
科技: {'precision': 0.984, 'recall': 0.984, 'f1-score': 0.984, 'support': 500}
时政: {'precision': 0.9692622950819673, 'recall': 0.946, 'f1-score': 0.9574898785425101, 'support': 500}
时尚: {'precision': 0.9708171206225681, 'recall': 0.998, 'f1-score': 0.9842209072978304, 'support': 500}
游戏: {'precision': 0.9482758620689655, 'recall': 0.99, 'f1-score': 0.9686888454011742, 'support': 500}
教育: {'precision': 0.9102564102564102, 'recall': 0.994, 'f1-score': 0.9502868068833651, 'support': 500}
娱乐: {'precision': 0.9810526315789474, 'recall': 0.932, 'f1-score': 0.955897435897436, 'support': 500}
家居: {'precision': 0.9617117117117117, 'recall': 0.854, 'f1-score': 0.9046610169491526, 'support': 500}
time consumption:2.96(min), loss: 0.146 precision: 0.958 recall: 0.958 f1: 0.958 
saved the new best model with f1: 0.958
epoch:12/30
training batch:    20, loss: 0.08149, precision: 1.000 recall: 1.000 f1: 1.000 
training batch:    40, loss: 0.02837, precision: 1.000 recall: 1.000 f1: 1.000 
training batch:    60, loss: 0.02161, precision: 1.000 recall: 1.000 f1: 1.000 
training batch:    80, loss: 0.07011, precision: 0.984 recall: 0.984 f1: 0.984 
training batch:   100, loss: 0.05390, precision: 0.984 recall: 0.984 f1: 0.984 
training batch:   120, loss: 0.02714, precision: 1.000 recall: 1.000 f1: 1.000 
training batch:   140, loss: 0.05320, precision: 1.000 recall: 1.000 f1: 1.000 
start evaluate engines...

体育: {'precision': 0.9959349593495935, 'recall': 0.98, 'f1-score': 0.9879032258064516, 'support': 500}
房产: {'precision': 0.8823529411764706, 'recall': 0.93, 'f1-score': 0.9055501460564751, 'support': 500}
财经: {'precision': 0.9919028340080972, 'recall': 0.98, 'f1-score': 0.9859154929577465, 'support': 500}
科技: {'precision': 0.9880239520958084, 'recall': 0.99, 'f1-score': 0.989010989010989, 'support': 500}
时政: {'precision': 0.9633401221995926, 'recall': 0.946, 'f1-score': 0.9545913218970736, 'support': 500}
时尚: {'precision': 0.9708171206225681, 'recall': 0.998, 'f1-score': 0.9842209072978304, 'support': 500}
游戏: {'precision': 0.9555125725338491, 'recall': 0.988, 'f1-score': 0.9714847590953786, 'support': 500}
教育: {'precision': 0.9019963702359347, 'recall': 0.994, 'f1-score': 0.9457659372026642, 'support': 500}
娱乐: {'precision': 0.9810526315789474, 'recall': 0.932, 'f1-score': 0.955897435897436, 'support': 500}
家居: {'precision': 0.9657534246575342, 'recall': 0.846, 'f1-score': 0.9019189765458422, 'support': 500}
time consumption:3.19(min), loss: 0.142 precision: 0.958 recall: 0.958 f1: 0.958 
saved the new best model with f1: 0.958
epoch:13/30
training batch:    20, loss: 0.05038, precision: 0.984 recall: 0.984 f1: 0.984 
training batch:    40, loss: 0.02249, precision: 1.000 recall: 1.000 f1: 1.000 
training batch:    60, loss: 0.06258, precision: 1.000 recall: 1.000 f1: 1.000 
training batch:    80, loss: 0.11826, precision: 0.984 recall: 0.984 f1: 0.984 
training batch:   100, loss: 0.06002, precision: 1.000 recall: 1.000 f1: 1.000 
training batch:   120, loss: 0.06444, precision: 0.984 recall: 0.984 f1: 0.984 
training batch:   140, loss: 0.06005, precision: 1.000 recall: 1.000 f1: 1.000 
start evaluate engines...

体育: {'precision': 0.9959349593495935, 'recall': 0.98, 'f1-score': 0.9879032258064516, 'support': 500}
房产: {'precision': 0.8754646840148699, 'recall': 0.942, 'f1-score': 0.9075144508670521, 'support': 500}
财经: {'precision': 0.9939148073022313, 'recall': 0.98, 'f1-score': 0.9869083585095669, 'support': 500}
科技: {'precision': 0.9880239520958084, 'recall': 0.99, 'f1-score': 0.989010989010989, 'support': 500}
时政: {'precision': 0.975103734439834, 'recall': 0.94, 'f1-score': 0.9572301425661914, 'support': 500}
时尚: {'precision': 0.9708171206225681, 'recall': 0.998, 'f1-score': 0.9842209072978304, 'support': 500}
游戏: {'precision': 0.9574468085106383, 'recall': 0.99, 'f1-score': 0.9734513274336284, 'support': 500}
教育: {'precision': 0.9036363636363637, 'recall': 0.994, 'f1-score': 0.9466666666666668, 'support': 500}
娱乐: {'precision': 0.9811715481171548, 'recall': 0.938, 'f1-score': 0.9591002044989775, 'support': 500}
家居: {'precision': 0.9747126436781609, 'recall': 0.848, 'f1-score': 0.906951871657754, 'support': 500}
time consumption:3.00(min), loss: 0.141 precision: 0.960 recall: 0.960 f1: 0.960 
saved the new best model with f1: 0.960
epoch:14/30
training batch:    20, loss: 0.03025, precision: 1.000 recall: 1.000 f1: 1.000 
training batch:    40, loss: 0.04486, precision: 1.000 recall: 1.000 f1: 1.000 
training batch:    60, loss: 0.06812, precision: 0.984 recall: 0.984 f1: 0.984 
training batch:    80, loss: 0.04886, precision: 1.000 recall: 1.000 f1: 1.000 
training batch:   100, loss: 0.03611, precision: 1.000 recall: 1.000 f1: 1.000 
training batch:   120, loss: 0.02632, precision: 1.000 recall: 1.000 f1: 1.000 
training batch:   140, loss: 0.03535, precision: 1.000 recall: 1.000 f1: 1.000 
start evaluate engines...

体育: {'precision': 0.9959349593495935, 'recall': 0.98, 'f1-score': 0.9879032258064516, 'support': 500}
房产: {'precision': 0.8876190476190476, 'recall': 0.932, 'f1-score': 0.9092682926829269, 'support': 500}
财经: {'precision': 0.9939148073022313, 'recall': 0.98, 'f1-score': 0.9869083585095669, 'support': 500}
科技: {'precision': 0.9880239520958084, 'recall': 0.99, 'f1-score': 0.989010989010989, 'support': 500}
时政: {'precision': 0.9671457905544147, 'recall': 0.942, 'f1-score': 0.9544072948328267, 'support': 500}
时尚: {'precision': 0.9708171206225681, 'recall': 0.998, 'f1-score': 0.9842209072978304, 'support': 500}
游戏: {'precision': 0.9593023255813954, 'recall': 0.99, 'f1-score': 0.9744094488188976, 'support': 500}
教育: {'precision': 0.9019963702359347, 'recall': 0.994, 'f1-score': 0.9457659372026642, 'support': 500}
娱乐: {'precision': 0.9791666666666666, 'recall': 0.94, 'f1-score': 0.9591836734693877, 'support': 500}
家居: {'precision': 0.9705215419501134, 'recall': 0.856, 'f1-score': 0.9096705632306058, 'support': 500}
time consumption:2.97(min), loss: 0.135 precision: 0.960 recall: 0.960 f1: 0.960 
saved the new best model with f1: 0.960
epoch:15/30
training batch:    20, loss: 0.06567, precision: 0.984 recall: 0.984 f1: 0.984 
training batch:    40, loss: 0.01560, precision: 1.000 recall: 1.000 f1: 1.000 
training batch:    60, loss: 0.04037, precision: 1.000 recall: 1.000 f1: 1.000 
training batch:    80, loss: 0.06096, precision: 0.969 recall: 0.969 f1: 0.969 
training batch:   100, loss: 0.01955, precision: 1.000 recall: 1.000 f1: 1.000 
training batch:   120, loss: 0.03171, precision: 1.000 recall: 1.000 f1: 1.000 
training batch:   140, loss: 0.03399, precision: 1.000 recall: 1.000 f1: 1.000 
start evaluate engines...

体育: {'precision': 0.9959349593495935, 'recall': 0.98, 'f1-score': 0.9879032258064516, 'support': 500}
房产: {'precision': 0.8775510204081632, 'recall': 0.946, 'f1-score': 0.9104908565928777, 'support': 500}
财经: {'precision': 0.9939148073022313, 'recall': 0.98, 'f1-score': 0.9869083585095669, 'support': 500}
科技: {'precision': 0.99, 'recall': 0.99, 'f1-score': 0.99, 'support': 500}
时政: {'precision': 0.975103734439834, 'recall': 0.94, 'f1-score': 0.9572301425661914, 'support': 500}
时尚: {'precision': 0.9708171206225681, 'recall': 0.998, 'f1-score': 0.9842209072978304, 'support': 500}
游戏: {'precision': 0.9611650485436893, 'recall': 0.99, 'f1-score': 0.9753694581280788, 'support': 500}
教育: {'precision': 0.9203703703703704, 'recall': 0.994, 'f1-score': 0.9557692307692308, 'support': 500}
娱乐: {'precision': 0.9813664596273292, 'recall': 0.948, 'f1-score': 0.9643947100712106, 'support': 500}
家居: {'precision': 0.9705882352941176, 'recall': 0.858, 'f1-score': 0.910828025477707, 'support': 500}
time consumption:2.89(min), loss: 0.131 precision: 0.962 recall: 0.962 f1: 0.962 
saved the new best model with f1: 0.962
epoch:16/30
training batch:    20, loss: 0.02195, precision: 1.000 recall: 1.000 f1: 1.000 
training batch:    40, loss: 0.02165, precision: 1.000 recall: 1.000 f1: 1.000 
training batch:    60, loss: 0.02485, precision: 1.000 recall: 1.000 f1: 1.000 
training batch:    80, loss: 0.02655, precision: 1.000 recall: 1.000 f1: 1.000 
training batch:   100, loss: 0.02049, precision: 1.000 recall: 1.000 f1: 1.000 
training batch:   120, loss: 0.02542, precision: 1.000 recall: 1.000 f1: 1.000 
training batch:   140, loss: 0.02321, precision: 1.000 recall: 1.000 f1: 1.000 
start evaluate engines...

体育: {'precision': 0.9959349593495935, 'recall': 0.98, 'f1-score': 0.9879032258064516, 'support': 500}
房产: {'precision': 0.888468809073724, 'recall': 0.94, 'f1-score': 0.913508260447036, 'support': 500}
财经: {'precision': 0.9939148073022313, 'recall': 0.98, 'f1-score': 0.9869083585095669, 'support': 500}
科技: {'precision': 0.99, 'recall': 0.99, 'f1-score': 0.99, 'support': 500}
时政: {'precision': 0.9691991786447639, 'recall': 0.944, 'f1-score': 0.956433637284701, 'support': 500}
时尚: {'precision': 0.9727095516569201, 'recall': 0.998, 'f1-score': 0.985192497532083, 'support': 500}
游戏: {'precision': 0.9630350194552529, 'recall': 0.99, 'f1-score': 0.9763313609467457, 'support': 500}
教育: {'precision': 0.9019963702359347, 'recall': 0.994, 'f1-score': 0.9457659372026642, 'support': 500}
娱乐: {'precision': 0.9813278008298755, 'recall': 0.946, 'f1-score': 0.9633401221995926, 'support': 500}
家居: {'precision': 0.9726651480637813, 'recall': 0.854, 'f1-score': 0.9094781682641107, 'support': 500}
time consumption:3.02(min), loss: 0.131 precision: 0.962 recall: 0.962 f1: 0.962 
epoch:17/30
training batch:    20, loss: 0.01845, precision: 1.000 recall: 1.000 f1: 1.000 
training batch:    40, loss: 0.01226, precision: 1.000 recall: 1.000 f1: 1.000 
training batch:    60, loss: 0.01774, precision: 1.000 recall: 1.000 f1: 1.000 
training batch:    80, loss: 0.01868, precision: 1.000 recall: 1.000 f1: 1.000 
training batch:   100, loss: 0.01317, precision: 1.000 recall: 1.000 f1: 1.000 
training batch:   120, loss: 0.01529, precision: 1.000 recall: 1.000 f1: 1.000 
training batch:   140, loss: 0.01278, precision: 1.000 recall: 1.000 f1: 1.000 
start evaluate engines...

体育: {'precision': 0.9959349593495935, 'recall': 0.98, 'f1-score': 0.9879032258064516, 'support': 500}
房产: {'precision': 0.892925430210325, 'recall': 0.934, 'f1-score': 0.9130009775171065, 'support': 500}
财经: {'precision': 0.9939148073022313, 'recall': 0.98, 'f1-score': 0.9869083585095669, 'support': 500}
科技: {'precision': 0.9880239520958084, 'recall': 0.99, 'f1-score': 0.989010989010989, 'support': 500}
时政: {'precision': 0.9672131147540983, 'recall': 0.944, 'f1-score': 0.9554655870445343, 'support': 500}
时尚: {'precision': 0.9689320388349515, 'recall': 0.998, 'f1-score': 0.9832512315270935, 'support': 500}
游戏: {'precision': 0.9647749510763209, 'recall': 0.986, 'f1-score': 0.9752720079129575, 'support': 500}
教育: {'precision': 0.8971119133574007, 'recall': 0.994, 'f1-score': 0.9430740037950663, 'support': 500}
娱乐: {'precision': 0.9813664596273292, 'recall': 0.948, 'f1-score': 0.9643947100712106, 'support': 500}
家居: {'precision': 0.9727272727272728, 'recall': 0.856, 'f1-score': 0.9106382978723404, 'support': 500}
time consumption:3.04(min), loss: 0.130 precision: 0.961 recall: 0.961 f1: 0.961 
epoch:18/30
training batch:    20, loss: 0.00984, precision: 1.000 recall: 1.000 f1: 1.000 
training batch:    40, loss: 0.01208, precision: 1.000 recall: 1.000 f1: 1.000 
training batch:    60, loss: 0.01693, precision: 1.000 recall: 1.000 f1: 1.000 
training batch:    80, loss: 0.02828, precision: 0.984 recall: 0.984 f1: 0.984 
training batch:   100, loss: 0.02159, precision: 1.000 recall: 1.000 f1: 1.000 
training batch:   120, loss: 0.01533, precision: 1.000 recall: 1.000 f1: 1.000 
training batch:   140, loss: 0.04190, precision: 0.984 recall: 0.984 f1: 0.984 
start evaluate engines...

体育: {'precision': 0.9959514170040485, 'recall': 0.984, 'f1-score': 0.9899396378269618, 'support': 500}
房产: {'precision': 0.9048543689320389, 'recall': 0.932, 'f1-score': 0.9182266009852218, 'support': 500}
财经: {'precision': 0.9939271255060729, 'recall': 0.982, 'f1-score': 0.9879275653923542, 'support': 500}
科技: {'precision': 0.9840954274353877, 'recall': 0.99, 'f1-score': 0.9870388833499502, 'support': 500}
时政: {'precision': 0.9654471544715447, 'recall': 0.95, 'f1-score': 0.9576612903225805, 'support': 500}
时尚: {'precision': 0.9727095516569201, 'recall': 0.998, 'f1-score': 0.985192497532083, 'support': 500}
游戏: {'precision': 0.9612403100775194, 'recall': 0.992, 'f1-score': 0.9763779527559056, 'support': 500}
教育: {'precision': 0.906934306569343, 'recall': 0.994, 'f1-score': 0.948473282442748, 'support': 500}
娱乐: {'precision': 0.9834368530020704, 'recall': 0.95, 'f1-score': 0.9664292980671415, 'support': 500}
家居: {'precision': 0.9751131221719457, 'recall': 0.862, 'f1-score': 0.9150743099787686, 'support': 500}
time consumption:2.93(min), loss: 0.127 precision: 0.963 recall: 0.963 f1: 0.963 
saved the new best model with f1: 0.963
epoch:19/30
training batch:    20, loss: 0.01073, precision: 1.000 recall: 1.000 f1: 1.000 
training batch:    40, loss: 0.00589, precision: 1.000 recall: 1.000 f1: 1.000 
training batch:    60, loss: 0.01352, precision: 1.000 recall: 1.000 f1: 1.000 
training batch:    80, loss: 0.02228, precision: 0.984 recall: 0.984 f1: 0.984 
training batch:   100, loss: 0.00780, precision: 1.000 recall: 1.000 f1: 1.000 
training batch:   120, loss: 0.01774, precision: 1.000 recall: 1.000 f1: 1.000 
training batch:   140, loss: 0.01122, precision: 1.000 recall: 1.000 f1: 1.000 
start evaluate engines...

体育: {'precision': 0.9959514170040485, 'recall': 0.984, 'f1-score': 0.9899396378269618, 'support': 500}
房产: {'precision': 0.9171597633136095, 'recall': 0.93, 'f1-score': 0.9235352532274081, 'support': 500}
财经: {'precision': 0.9939271255060729, 'recall': 0.982, 'f1-score': 0.9879275653923542, 'support': 500}
科技: {'precision': 0.9860557768924303, 'recall': 0.99, 'f1-score': 0.9880239520958083, 'support': 500}
时政: {'precision': 0.9655172413793104, 'recall': 0.952, 'f1-score': 0.958710976837865, 'support': 500}
时尚: {'precision': 0.9689320388349515, 'recall': 0.998, 'f1-score': 0.9832512315270935, 'support': 500}
游戏: {'precision': 0.9610894941634242, 'recall': 0.988, 'f1-score': 0.9743589743589743, 'support': 500}
教育: {'precision': 0.9102564102564102, 'recall': 0.994, 'f1-score': 0.9502868068833651, 'support': 500}
娱乐: {'precision': 0.9775051124744376, 'recall': 0.956, 'f1-score': 0.9666329625884732, 'support': 500}
家居: {'precision': 0.9753363228699552, 'recall': 0.87, 'f1-score': 0.919661733615222, 'support': 500}
time consumption:2.91(min), loss: 0.126 precision: 0.964 recall: 0.964 f1: 0.964 
saved the new best model with f1: 0.964
epoch:20/30
training batch:    20, loss: 0.00660, precision: 1.000 recall: 1.000 f1: 1.000 
training batch:    40, loss: 0.00672, precision: 1.000 recall: 1.000 f1: 1.000 
training batch:    60, loss: 0.01381, precision: 1.000 recall: 1.000 f1: 1.000 
training batch:    80, loss: 0.00711, precision: 1.000 recall: 1.000 f1: 1.000 
training batch:   100, loss: 0.01392, precision: 1.000 recall: 1.000 f1: 1.000 
training batch:   120, loss: 0.01135, precision: 1.000 recall: 1.000 f1: 1.000 
training batch:   140, loss: 0.00627, precision: 1.000 recall: 1.000 f1: 1.000 
start evaluate engines...

体育: {'precision': 0.9959514170040485, 'recall': 0.984, 'f1-score': 0.9899396378269618, 'support': 500}
房产: {'precision': 0.90715667311412, 'recall': 0.938, 'f1-score': 0.9223205506391348, 'support': 500}
财经: {'precision': 0.9939271255060729, 'recall': 0.982, 'f1-score': 0.9879275653923542, 'support': 500}
科技: {'precision': 0.99, 'recall': 0.99, 'f1-score': 0.99, 'support': 500}
时政: {'precision': 0.9691991786447639, 'recall': 0.944, 'f1-score': 0.956433637284701, 'support': 500}
时尚: {'precision': 0.9708171206225681, 'recall': 0.998, 'f1-score': 0.9842209072978304, 'support': 500}
游戏: {'precision': 0.9593023255813954, 'recall': 0.99, 'f1-score': 0.9744094488188976, 'support': 500}
教育: {'precision': 0.9186691312384473, 'recall': 0.994, 'f1-score': 0.9548511047070124, 'support': 500}
娱乐: {'precision': 0.9755600814663951, 'recall': 0.958, 'f1-score': 0.9667003027245207, 'support': 500}
家居: {'precision': 0.9730941704035875, 'recall': 0.868, 'f1-score': 0.9175475687103594, 'support': 500}
time consumption:2.92(min), loss: 0.124 precision: 0.965 recall: 0.965 f1: 0.965 
saved the new best model with f1: 0.965
epoch:21/30
training batch:    20, loss: 0.00536, precision: 1.000 recall: 1.000 f1: 1.000 
training batch:    40, loss: 0.02497, precision: 1.000 recall: 1.000 f1: 1.000 
training batch:    60, loss: 0.00615, precision: 1.000 recall: 1.000 f1: 1.000 
training batch:    80, loss: 0.00707, precision: 1.000 recall: 1.000 f1: 1.000 
training batch:   100, loss: 0.00759, precision: 1.000 recall: 1.000 f1: 1.000 
training batch:   120, loss: 0.00764, precision: 1.000 recall: 1.000 f1: 1.000 
training batch:   140, loss: 0.00274, precision: 1.000 recall: 1.000 f1: 1.000 
start evaluate engines...

体育: {'precision': 0.9959595959595959, 'recall': 0.986, 'f1-score': 0.9909547738693467, 'support': 500}
房产: {'precision': 0.9207920792079208, 'recall': 0.93, 'f1-score': 0.9253731343283582, 'support': 500}
财经: {'precision': 0.9939271255060729, 'recall': 0.982, 'f1-score': 0.9879275653923542, 'support': 500}
科技: {'precision': 0.99, 'recall': 0.99, 'f1-score': 0.99, 'support': 500}
时政: {'precision': 0.9674134419551935, 'recall': 0.95, 'f1-score': 0.958627648839556, 'support': 500}
时尚: {'precision': 0.974609375, 'recall': 0.998, 'f1-score': 0.9861660079051383, 'support': 500}
游戏: {'precision': 0.9686888454011742, 'recall': 0.99, 'f1-score': 0.9792284866468842, 'support': 500}
教育: {'precision': 0.9038112522686026, 'recall': 0.996, 'f1-score': 0.9476688867745006, 'support': 500}
娱乐: {'precision': 0.9795918367346939, 'recall': 0.96, 'f1-score': 0.9696969696969697, 'support': 500}
家居: {'precision': 0.9711751662971175, 'recall': 0.876, 'f1-score': 0.9211356466876972, 'support': 500}
time consumption:3.06(min), loss: 0.125 precision: 0.966 recall: 0.966 f1: 0.966 
saved the new best model with f1: 0.966
epoch:22/30
training batch:    20, loss: 0.00360, precision: 1.000 recall: 1.000 f1: 1.000 
training batch:    40, loss: 0.00364, precision: 1.000 recall: 1.000 f1: 1.000 
training batch:    60, loss: 0.00640, precision: 1.000 recall: 1.000 f1: 1.000 
training batch:    80, loss: 0.01059, precision: 1.000 recall: 1.000 f1: 1.000 
training batch:   100, loss: 0.01256, precision: 1.000 recall: 1.000 f1: 1.000 
training batch:   120, loss: 0.00991, precision: 1.000 recall: 1.000 f1: 1.000 
training batch:   140, loss: 0.01081, precision: 1.000 recall: 1.000 f1: 1.000 
start evaluate engines...

体育: {'precision': 0.9959432048681541, 'recall': 0.982, 'f1-score': 0.9889224572004028, 'support': 500}
房产: {'precision': 0.9036608863198459, 'recall': 0.938, 'f1-score': 0.9205103042198233, 'support': 500}
财经: {'precision': 0.9939271255060729, 'recall': 0.982, 'f1-score': 0.9879275653923542, 'support': 500}
科技: {'precision': 0.9919839679358717, 'recall': 0.99, 'f1-score': 0.990990990990991, 'support': 500}
时政: {'precision': 0.9672131147540983, 'recall': 0.944, 'f1-score': 0.9554655870445343, 'support': 500}
时尚: {'precision': 0.974609375, 'recall': 0.998, 'f1-score': 0.9861660079051383, 'support': 500}
游戏: {'precision': 0.9686888454011742, 'recall': 0.99, 'f1-score': 0.9792284866468842, 'support': 500}
教育: {'precision': 0.907103825136612, 'recall': 0.996, 'f1-score': 0.9494756911344137, 'support': 500}
娱乐: {'precision': 0.9795918367346939, 'recall': 0.96, 'f1-score': 0.9696969696969697, 'support': 500}
家居: {'precision': 0.9752808988764045, 'recall': 0.868, 'f1-score': 0.9185185185185185, 'support': 500}
time consumption:2.80(min), loss: 0.126 precision: 0.965 recall: 0.965 f1: 0.965 
epoch:23/30
training batch:    20, loss: 0.00609, precision: 1.000 recall: 1.000 f1: 1.000 
training batch:    40, loss: 0.00246, precision: 1.000 recall: 1.000 f1: 1.000 
training batch:    60, loss: 0.00616, precision: 1.000 recall: 1.000 f1: 1.000 
training batch:    80, loss: 0.00992, precision: 1.000 recall: 1.000 f1: 1.000 
training batch:   100, loss: 0.00626, precision: 1.000 recall: 1.000 f1: 1.000 
training batch:   120, loss: 0.00631, precision: 1.000 recall: 1.000 f1: 1.000 
training batch:   140, loss: 0.00826, precision: 1.000 recall: 1.000 f1: 1.000 
start evaluate engines...

体育: {'precision': 0.9959432048681541, 'recall': 0.982, 'f1-score': 0.9889224572004028, 'support': 500}
房产: {'precision': 0.9106796116504854, 'recall': 0.938, 'f1-score': 0.9241379310344827, 'support': 500}
财经: {'precision': 0.9939271255060729, 'recall': 0.982, 'f1-score': 0.9879275653923542, 'support': 500}
科技: {'precision': 0.9919839679358717, 'recall': 0.99, 'f1-score': 0.990990990990991, 'support': 500}
时政: {'precision': 0.967280163599182, 'recall': 0.946, 'f1-score': 0.9565217391304348, 'support': 500}
时尚: {'precision': 0.9708171206225681, 'recall': 0.998, 'f1-score': 0.9842209072978304, 'support': 500}
游戏: {'precision': 0.9593023255813954, 'recall': 0.99, 'f1-score': 0.9744094488188976, 'support': 500}
教育: {'precision': 0.9186691312384473, 'recall': 0.994, 'f1-score': 0.9548511047070124, 'support': 500}
娱乐: {'precision': 0.9775967413441955, 'recall': 0.96, 'f1-score': 0.9687184661957617, 'support': 500}
家居: {'precision': 0.9754464285714286, 'recall': 0.874, 'f1-score': 0.9219409282700423, 'support': 500}
time consumption:2.81(min), loss: 0.124 precision: 0.965 recall: 0.965 f1: 0.965 
epoch:24/30
training batch:    20, loss: 0.00834, precision: 1.000 recall: 1.000 f1: 1.000 
training batch:    40, loss: 0.01031, precision: 1.000 recall: 1.000 f1: 1.000 
training batch:    60, loss: 0.00701, precision: 1.000 recall: 1.000 f1: 1.000 
training batch:    80, loss: 0.00565, precision: 1.000 recall: 1.000 f1: 1.000 
training batch:   100, loss: 0.00501, precision: 1.000 recall: 1.000 f1: 1.000 
training batch:   120, loss: 0.00353, precision: 1.000 recall: 1.000 f1: 1.000 
training batch:   140, loss: 0.00482, precision: 1.000 recall: 1.000 f1: 1.000 
start evaluate engines...

体育: {'precision': 0.9959432048681541, 'recall': 0.982, 'f1-score': 0.9889224572004028, 'support': 500}
房产: {'precision': 0.9124513618677043, 'recall': 0.938, 'f1-score': 0.9250493096646942, 'support': 500}
财经: {'precision': 0.9939271255060729, 'recall': 0.982, 'f1-score': 0.9879275653923542, 'support': 500}
科技: {'precision': 0.9919839679358717, 'recall': 0.99, 'f1-score': 0.990990990990991, 'support': 500}
时政: {'precision': 0.9674134419551935, 'recall': 0.95, 'f1-score': 0.958627648839556, 'support': 500}
时尚: {'precision': 0.9708171206225681, 'recall': 0.998, 'f1-score': 0.9842209072978304, 'support': 500}
游戏: {'precision': 0.9686888454011742, 'recall': 0.99, 'f1-score': 0.9792284866468842, 'support': 500}
教育: {'precision': 0.9087591240875912, 'recall': 0.996, 'f1-score': 0.950381679389313, 'support': 500}
娱乐: {'precision': 0.9815573770491803, 'recall': 0.958, 'f1-score': 0.9696356275303644, 'support': 500}
家居: {'precision': 0.9754464285714286, 'recall': 0.874, 'f1-score': 0.9219409282700423, 'support': 500}
time consumption:2.81(min), loss: 0.125 precision: 0.966 recall: 0.966 f1: 0.966 
epoch:25/30
training batch:    20, loss: 0.00657, precision: 1.000 recall: 1.000 f1: 1.000 
training batch:    40, loss: 0.00594, precision: 1.000 recall: 1.000 f1: 1.000 
training batch:    60, loss: 0.00384, precision: 1.000 recall: 1.000 f1: 1.000 
training batch:    80, loss: 0.00385, precision: 1.000 recall: 1.000 f1: 1.000 
training batch:   100, loss: 0.00279, precision: 1.000 recall: 1.000 f1: 1.000 
training batch:   120, loss: 0.00401, precision: 1.000 recall: 1.000 f1: 1.000 
training batch:   140, loss: 0.01234, precision: 1.000 recall: 1.000 f1: 1.000 
start evaluate engines...

体育: {'precision': 0.9959595959595959, 'recall': 0.986, 'f1-score': 0.9909547738693467, 'support': 500}
房产: {'precision': 0.9176470588235294, 'recall': 0.936, 'f1-score': 0.9267326732673268, 'support': 500}
财经: {'precision': 0.9939271255060729, 'recall': 0.982, 'f1-score': 0.9879275653923542, 'support': 500}
科技: {'precision': 0.99, 'recall': 0.99, 'f1-score': 0.99, 'support': 500}
时政: {'precision': 0.9676113360323887, 'recall': 0.956, 'f1-score': 0.9617706237424547, 'support': 500}
时尚: {'precision': 0.9689320388349515, 'recall': 0.998, 'f1-score': 0.9832512315270935, 'support': 500}
游戏: {'precision': 0.9724950884086444, 'recall': 0.99, 'f1-score': 0.9811694747274529, 'support': 500}
教育: {'precision': 0.9205175600739371, 'recall': 0.996, 'f1-score': 0.956772334293948, 'support': 500}
娱乐: {'precision': 0.9815950920245399, 'recall': 0.96, 'f1-score': 0.9706774519716885, 'support': 500}
家居: {'precision': 0.9713024282560706, 'recall': 0.88, 'f1-score': 0.9233997901364114, 'support': 500}
time consumption:2.80(min), loss: 0.121 precision: 0.967 recall: 0.967 f1: 0.967 
saved the new best model with f1: 0.967
epoch:26/30
training batch:    20, loss: 0.00190, precision: 1.000 recall: 1.000 f1: 1.000 
training batch:    40, loss: 0.00788, precision: 1.000 recall: 1.000 f1: 1.000 
training batch:    60, loss: 0.00482, precision: 1.000 recall: 1.000 f1: 1.000 
training batch:    80, loss: 0.00653, precision: 1.000 recall: 1.000 f1: 1.000 
training batch:   100, loss: 0.00192, precision: 1.000 recall: 1.000 f1: 1.000 
training batch:   120, loss: 0.00430, precision: 1.000 recall: 1.000 f1: 1.000 
training batch:   140, loss: 0.00155, precision: 1.000 recall: 1.000 f1: 1.000 
start evaluate engines...

体育: {'precision': 0.9959677419354839, 'recall': 0.988, 'f1-score': 0.9919678714859438, 'support': 500}
房产: {'precision': 0.9156862745098039, 'recall': 0.934, 'f1-score': 0.9247524752475247, 'support': 500}
财经: {'precision': 0.9939271255060729, 'recall': 0.982, 'f1-score': 0.9879275653923542, 'support': 500}
科技: {'precision': 0.9939759036144579, 'recall': 0.99, 'f1-score': 0.9919839679358716, 'support': 500}
时政: {'precision': 0.9714285714285714, 'recall': 0.952, 'f1-score': 0.9616161616161616, 'support': 500}
时尚: {'precision': 0.9727095516569201, 'recall': 0.998, 'f1-score': 0.985192497532083, 'support': 500}
游戏: {'precision': 0.966796875, 'recall': 0.99, 'f1-score': 0.9782608695652174, 'support': 500}
教育: {'precision': 0.9120879120879121, 'recall': 0.996, 'f1-score': 0.9521988527724666, 'support': 500}
娱乐: {'precision': 0.9815573770491803, 'recall': 0.958, 'f1-score': 0.9696356275303644, 'support': 500}
家居: {'precision': 0.9690949227373068, 'recall': 0.878, 'f1-score': 0.9213011542497377, 'support': 500}
time consumption:2.81(min), loss: 0.122 precision: 0.967 recall: 0.967 f1: 0.967 
epoch:27/30
training batch:    20, loss: 0.00208, precision: 1.000 recall: 1.000 f1: 1.000 
training batch:    40, loss: 0.00521, precision: 1.000 recall: 1.000 f1: 1.000 
training batch:    60, loss: 0.00629, precision: 1.000 recall: 1.000 f1: 1.000 
training batch:    80, loss: 0.00246, precision: 1.000 recall: 1.000 f1: 1.000 
training batch:   100, loss: 0.00355, precision: 1.000 recall: 1.000 f1: 1.000 
training batch:   120, loss: 0.00212, precision: 1.000 recall: 1.000 f1: 1.000 
training batch:   140, loss: 0.00262, precision: 1.000 recall: 1.000 f1: 1.000 
start evaluate engines...

体育: {'precision': 0.9959677419354839, 'recall': 0.988, 'f1-score': 0.9919678714859438, 'support': 500}
房产: {'precision': 0.9110251450676983, 'recall': 0.942, 'f1-score': 0.9262536873156342, 'support': 500}
财经: {'precision': 0.9939271255060729, 'recall': 0.982, 'f1-score': 0.9879275653923542, 'support': 500}
科技: {'precision': 0.9939759036144579, 'recall': 0.99, 'f1-score': 0.9919839679358716, 'support': 500}
时政: {'precision': 0.9694501018329938, 'recall': 0.952, 'f1-score': 0.9606458123107972, 'support': 500}
时尚: {'precision': 0.9727095516569201, 'recall': 0.998, 'f1-score': 0.985192497532083, 'support': 500}
游戏: {'precision': 0.9686888454011742, 'recall': 0.99, 'f1-score': 0.9792284866468842, 'support': 500}
教育: {'precision': 0.9120879120879121, 'recall': 0.996, 'f1-score': 0.9521988527724666, 'support': 500}
娱乐: {'precision': 0.9815573770491803, 'recall': 0.958, 'f1-score': 0.9696356275303644, 'support': 500}
家居: {'precision': 0.9753363228699552, 'recall': 0.87, 'f1-score': 0.919661733615222, 'support': 500}
time consumption:2.83(min), loss: 0.126 precision: 0.967 recall: 0.967 f1: 0.967 
epoch:28/30
training batch:    20, loss: 0.00243, precision: 1.000 recall: 1.000 f1: 1.000 
training batch:    40, loss: 0.00254, precision: 1.000 recall: 1.000 f1: 1.000 
training batch:    60, loss: 0.00202, precision: 1.000 recall: 1.000 f1: 1.000 
training batch:    80, loss: 0.00292, precision: 1.000 recall: 1.000 f1: 1.000 
training batch:   100, loss: 0.00212, precision: 1.000 recall: 1.000 f1: 1.000 
training batch:   120, loss: 0.00407, precision: 1.000 recall: 1.000 f1: 1.000 
training batch:   140, loss: 0.00285, precision: 1.000 recall: 1.000 f1: 1.000 
start evaluate engines...

体育: {'precision': 0.9959677419354839, 'recall': 0.988, 'f1-score': 0.9919678714859438, 'support': 500}
房产: {'precision': 0.9158512720156555, 'recall': 0.936, 'f1-score': 0.9258160237388723, 'support': 500}
财经: {'precision': 0.9939271255060729, 'recall': 0.982, 'f1-score': 0.9879275653923542, 'support': 500}
科技: {'precision': 0.9939759036144579, 'recall': 0.99, 'f1-score': 0.9919839679358716, 'support': 500}
时政: {'precision': 0.9695121951219512, 'recall': 0.954, 'f1-score': 0.9616935483870968, 'support': 500}
时尚: {'precision': 0.9708171206225681, 'recall': 0.998, 'f1-score': 0.9842209072978304, 'support': 500}
游戏: {'precision': 0.9705882352941176, 'recall': 0.99, 'f1-score': 0.9801980198019802, 'support': 500}
教育: {'precision': 0.9104204753199269, 'recall': 0.996, 'f1-score': 0.9512893982808024, 'support': 500}
娱乐: {'precision': 0.9815195071868583, 'recall': 0.956, 'f1-score': 0.9685916919959473, 'support': 500}
家居: {'precision': 0.9711751662971175, 'recall': 0.876, 'f1-score': 0.9211356466876972, 'support': 500}
time consumption:2.80(min), loss: 0.125 precision: 0.967 recall: 0.967 f1: 0.967 
epoch:29/30
training batch:    20, loss: 0.00409, precision: 1.000 recall: 1.000 f1: 1.000 
training batch:    40, loss: 0.00287, precision: 1.000 recall: 1.000 f1: 1.000 
training batch:    60, loss: 0.00231, precision: 1.000 recall: 1.000 f1: 1.000 
training batch:    80, loss: 0.00170, precision: 1.000 recall: 1.000 f1: 1.000 
training batch:   100, loss: 0.00197, precision: 1.000 recall: 1.000 f1: 1.000 
training batch:   120, loss: 0.00387, precision: 1.000 recall: 1.000 f1: 1.000 
training batch:   140, loss: 0.00325, precision: 1.000 recall: 1.000 f1: 1.000 
start evaluate engines...

体育: {'precision': 0.9959758551307847, 'recall': 0.99, 'f1-score': 0.9929789368104314, 'support': 500}
房产: {'precision': 0.9212598425196851, 'recall': 0.936, 'f1-score': 0.9285714285714286, 'support': 500}
财经: {'precision': 0.9939271255060729, 'recall': 0.982, 'f1-score': 0.9879275653923542, 'support': 500}
科技: {'precision': 0.9939759036144579, 'recall': 0.99, 'f1-score': 0.9919839679358716, 'support': 500}
时政: {'precision': 0.9714867617107943, 'recall': 0.954, 'f1-score': 0.9626639757820383, 'support': 500}
时尚: {'precision': 0.97265625, 'recall': 0.996, 'f1-score': 0.9841897233201581, 'support': 500}
游戏: {'precision': 0.9705882352941176, 'recall': 0.99, 'f1-score': 0.9801980198019802, 'support': 500}
教育: {'precision': 0.907103825136612, 'recall': 0.996, 'f1-score': 0.9494756911344137, 'support': 500}
娱乐: {'precision': 0.9835728952772074, 'recall': 0.958, 'f1-score': 0.9706180344478217, 'support': 500}
家居: {'precision': 0.9713656387665198, 'recall': 0.882, 'f1-score': 0.9245283018867925, 'support': 500}
time consumption:2.80(min), loss: 0.126 precision: 0.967 recall: 0.967 f1: 0.967 
epoch:30/30
training batch:    20, loss: 0.00252, precision: 1.000 recall: 1.000 f1: 1.000 
training batch:    40, loss: 0.00348, precision: 1.000 recall: 1.000 f1: 1.000 
training batch:    60, loss: 0.00307, precision: 1.000 recall: 1.000 f1: 1.000 
training batch:    80, loss: 0.00259, precision: 1.000 recall: 1.000 f1: 1.000 
training batch:   100, loss: 0.00485, precision: 1.000 recall: 1.000 f1: 1.000 
training batch:   120, loss: 0.00231, precision: 1.000 recall: 1.000 f1: 1.000 
training batch:   140, loss: 0.00304, precision: 1.000 recall: 1.000 f1: 1.000 
start evaluate engines...

体育: {'precision': 0.9959758551307847, 'recall': 0.99, 'f1-score': 0.9929789368104314, 'support': 500}
房产: {'precision': 0.9176470588235294, 'recall': 0.936, 'f1-score': 0.9267326732673268, 'support': 500}
财经: {'precision': 0.9939271255060729, 'recall': 0.982, 'f1-score': 0.9879275653923542, 'support': 500}
科技: {'precision': 0.9939759036144579, 'recall': 0.99, 'f1-score': 0.9919839679358716, 'support': 500}
时政: {'precision': 0.9714285714285714, 'recall': 0.952, 'f1-score': 0.9616161616161616, 'support': 500}
时尚: {'precision': 0.97265625, 'recall': 0.996, 'f1-score': 0.9841897233201581, 'support': 500}
游戏: {'precision': 0.9724950884086444, 'recall': 0.99, 'f1-score': 0.9811694747274529, 'support': 500}
教育: {'precision': 0.907103825136612, 'recall': 0.996, 'f1-score': 0.9494756911344137, 'support': 500}
娱乐: {'precision': 0.9835390946502057, 'recall': 0.956, 'f1-score': 0.969574036511156, 'support': 500}
家居: {'precision': 0.9714285714285714, 'recall': 0.884, 'f1-score': 0.9256544502617801, 'support': 500}
time consumption:2.82(min), loss: 0.126 precision: 0.967 recall: 0.967 f1: 0.967 
overall best f1 is 0.9674000000000001 at 25 epoch
total training time consumption: 96.425(min)
